<?xml version="1.0" encoding="UTF-8"?>
<!-- Generated by org.testng.reporters.JUnitXMLReporter -->
<testsuite ignored="0" hostname="WL-MS-743" failures="0" tests="4" name="Default test" time="5.56" errors="0" timestamp="2025-01-06T16:17:58 IST">
  <testcase classname="com.api.tests.createUserPOSTAPIDDTFakerLibraryApproach2" name="createUserPostAPIdataDrivenAutomationTest" time="2.544"/>
  <testcase classname="com.api.tests.createUserPOSTAPIDDTFakerLibraryApproach2" name="createUserPostAPIdataDrivenAutomationTest" time="1.045"/>
  <testcase classname="com.api.tests.createUserPOSTAPIDDTFakerLibraryApproach2" name="createUserPostAPIdataDrivenAutomationTest" time="0.716"/>
  <testcase classname="com.api.tests.createUserPOSTAPIDDTFakerLibraryApproach2" name="createUserPostAPIdataDrivenAutomationTest" time="1.01"/>
</testsuite> <!-- Default test -->
