<?xml version="1.0" encoding="UTF-8"?>
<!-- Generated by org.testng.reporters.JUnitXMLReporter -->
<testsuite ignored="0" hostname="WL-MS-743" failures="0" tests="4" name="Default test" time="3.865" errors="0" timestamp="2025-01-04T10:22:21 IST">
  <testcase classname="com.api.tests.createUserPOSTAPIDDTApproach3" name="createUserPostAPIdataDrivenAutomationTest" time="2.044"/>
  <testcase classname="com.api.tests.createUserPOSTAPIDDTApproach3" name="createUserPostAPIdataDrivenAutomationTest" time="0.6"/>
  <testcase classname="com.api.tests.createUserPOSTAPIDDTApproach3" name="createUserPostAPIdataDrivenAutomationTest" time="0.508"/>
  <testcase classname="com.api.tests.createUserPOSTAPIDDTApproach3" name="createUserPostAPIdataDrivenAutomationTest" time="0.481"/>
</testsuite> <!-- Default test -->
