<?xml version="1.0" encoding="UTF-8"?>
<!-- Generated by org.testng.reporters.JUnitXMLReporter -->
<testsuite ignored="0" hostname="WL-MS-743" failures="0" tests="3" name="Test" time="3.597" errors="0" timestamp="2024-12-10T10:23:38 IST">
  <testcase classname="com.api.tests.E2EapiTestAllureReports" name="createUserAPI" time="1.936"/>
  <testcase classname="com.api.tests.E2EapiTestAllureReports" name="updateUserAPI" time="0.454"/>
  <testcase classname="com.api.tests.E2EapiTestAllureReports" name="deleteUserAPI" time="1.117"/>
</testsuite> <!-- Test -->
