<?xml version="1.0" encoding="UTF-8"?>
<testng-results ignored="0" total="4" passed="4" failed="0" skipped="0">
  <reporter-output>
  </reporter-output>
  <suite started-at="2025-01-04T10:22:17 IST" name="Default suite" finished-at="2025-01-04T10:22:21 IST" duration-ms="3865">
    <groups>
    </groups>
    <test started-at="2025-01-04T10:22:17 IST" name="Default test" finished-at="2025-01-04T10:22:21 IST" duration-ms="3865">
      <class name="com.api.tests.createUserPOSTAPIDDTApproach3">
        <test-method signature="createUserPostAPIdataDrivenAutomationTest(java.lang.String,java.lang.String,java.lang.String,java.lang.String)[pri:0, instance:com.api.tests.createUserPOSTAPIDDTApproach3@64b73e7a]" started-at="2025-01-04T10:22:17 IST" name="createUserPostAPIdataDrivenAutomationTest" data-provider="createUserDDT" finished-at="2025-01-04T10:22:19 IST" duration-ms="2044" status="PASS">
          <params>
            <param index="0">
              <value>
                <![CDATA[Lowell]]>
              </value>
            </param>
            <param index="1">
              <value>
                <![CDATA[rosalva.sporer@yahoo.com]]>
              </value>
            </param>
            <param index="2">
              <value>
                <![CDATA[Male]]>
              </value>
            </param>
            <param index="3">
              <value>
                <![CDATA[active]]>
              </value>
            </param>
          </params>
          <reporter-output>
          </reporter-output>
        </test-method> <!-- createUserPostAPIdataDrivenAutomationTest -->
        <test-method signature="createUserPostAPIdataDrivenAutomationTest(java.lang.String,java.lang.String,java.lang.String,java.lang.String)[pri:0, instance:com.api.tests.createUserPOSTAPIDDTApproach3@64b73e7a]" started-at="2025-01-04T10:22:19 IST" name="createUserPostAPIdataDrivenAutomationTest" data-provider="createUserDDT" finished-at="2025-01-04T10:22:20 IST" duration-ms="600" status="PASS">
          <params>
            <param index="0">
              <value>
                <![CDATA[Lisbeth]]>
              </value>
            </param>
            <param index="1">
              <value>
                <![CDATA[billy.langworth@hotmail.com]]>
              </value>
            </param>
            <param index="2">
              <value>
                <![CDATA[Male]]>
              </value>
            </param>
            <param index="3">
              <value>
                <![CDATA[active]]>
              </value>
            </param>
          </params>
          <reporter-output>
          </reporter-output>
        </test-method> <!-- createUserPostAPIdataDrivenAutomationTest -->
        <test-method signature="createUserPostAPIdataDrivenAutomationTest(java.lang.String,java.lang.String,java.lang.String,java.lang.String)[pri:0, instance:com.api.tests.createUserPOSTAPIDDTApproach3@64b73e7a]" started-at="2025-01-04T10:22:20 IST" name="createUserPostAPIdataDrivenAutomationTest" data-provider="createUserDDT" finished-at="2025-01-04T10:22:20 IST" duration-ms="508" status="PASS">
          <params>
            <param index="0">
              <value>
                <![CDATA[Terrence]]>
              </value>
            </param>
            <param index="1">
              <value>
                <![CDATA[franklin.bergstrom@gmail.com]]>
              </value>
            </param>
            <param index="2">
              <value>
                <![CDATA[Female]]>
              </value>
            </param>
            <param index="3">
              <value>
                <![CDATA[inactive]]>
              </value>
            </param>
          </params>
          <reporter-output>
          </reporter-output>
        </test-method> <!-- createUserPostAPIdataDrivenAutomationTest -->
        <test-method signature="createUserPostAPIdataDrivenAutomationTest(java.lang.String,java.lang.String,java.lang.String,java.lang.String)[pri:0, instance:com.api.tests.createUserPOSTAPIDDTApproach3@64b73e7a]" started-at="2025-01-04T10:22:20 IST" name="createUserPostAPIdataDrivenAutomationTest" data-provider="createUserDDT" finished-at="2025-01-04T10:22:21 IST" duration-ms="481" status="PASS">
          <params>
            <param index="0">
              <value>
                <![CDATA[Reina]]>
              </value>
            </param>
            <param index="1">
              <value>
                <![CDATA[hong.ernser@yahoo.com]]>
              </value>
            </param>
            <param index="2">
              <value>
                <![CDATA[Male]]>
              </value>
            </param>
            <param index="3">
              <value>
                <![CDATA[inactive]]>
              </value>
            </param>
          </params>
          <reporter-output>
          </reporter-output>
        </test-method> <!-- createUserPostAPIdataDrivenAutomationTest -->
      </class> <!-- com.api.tests.createUserPOSTAPIDDTApproach3 -->
    </test> <!-- Default test -->
  </suite> <!-- Default suite -->
</testng-results>
