<?xml version="1.0" encoding="UTF-8"?>
<testng-results ignored="0" total="1" passed="1" failed="0" skipped="0">
  <reporter-output>
  </reporter-output>
  <suite started-at="2025-03-14T09:45:50 IST" name="Suite" finished-at="2025-03-14T09:45:53 IST" duration-ms="3316">
    <groups>
    </groups>
    <test started-at="2025-03-14T09:45:50 IST" name="Test" finished-at="2025-03-14T09:45:53 IST" duration-ms="3316">
      <class name="com.api.tests.TC11_DELETE_USER_DELETE_API_TESTNG_PARAMETERS">
        <test-method signature="deleteUserDeleteAPITestNGParameters(int)[pri:0, instance:com.api.tests.TC11_DELETE_USER_DELETE_API_TESTNG_PARAMETERS@61fe30]" started-at="2025-03-14T09:45:50 IST" name="deleteUserDeleteAPITestNGParameters" finished-at="2025-03-14T09:45:53 IST" duration-ms="3242" status="PASS">
          <params>
            <param index="0">
              <value>
                <![CDATA[7767283]]>
              </value>
            </param>
          </params>
          <reporter-output>
          </reporter-output>
        </test-method> <!-- deleteUserDeleteAPITestNGParameters -->
      </class> <!-- com.api.tests.TC11_DELETE_USER_DELETE_API_TESTNG_PARAMETERS -->
    </test> <!-- Test -->
  </suite> <!-- Suite -->
</testng-results>
